/usr/bin/ruby1.9.1 extconf.rb 
checking for sqlite3.h... yes
checking for sqlite3_libversion_number() in -lsqlite3... yes
checking for rb_proc_arity()... yes
checking for rb_integer_pack()... no
checking for sqlite3_initialize()... yes
checking for sqlite3_backup_init()... yes
checking for sqlite3_column_database_name()... yes
checking for sqlite3_enable_load_extension()... yes
checking for sqlite3_load_extension()... yes
checking for sqlite3_open_v2()... yes
checking for sqlite3_prepare_v2()... yes
checking for sqlite3_int64 in sqlite3.h... yes
checking for sqlite3_uint64 in sqlite3.h... yes
creating Makefile

make  clean

make
compiling sqlite3.c
compiling backup.c
compiling statement.c
compiling exception.c
compiling database.c
linking shared-object sqlite3/sqlite3_native.so

make  install
/usr/bin/install -c -m 0755 sqlite3_native.so /home/la/dev/client_workouts/path/ruby/1.9.1/gems/sqlite3-1.3.9/ext/sqlite3/.gem.20140611-6416-1s0zajm/sqlite3
installing default sqlite3_native libraries
